<?xml version="1.0" encoding="UTF-8"?>
<testng-results skipped="0" failed="0" ignored="0" total="1" passed="1">
  <reporter-output>
  </reporter-output>
  <suite name="Default suite" duration-ms="42606" started-at="2022-07-07T13:15:00Z" finished-at="2022-07-07T13:15:43Z">
    <groups>
    </groups>
    <test name="Default test" duration-ms="42606" started-at="2022-07-07T13:15:00Z" finished-at="2022-07-07T13:15:43Z">
      <class name="stocks_delete.StocksDelete">
        <test-method status="PASS" signature="delete()[pri:0, instance:stocks_delete.StocksDelete@36d4b5c]" name="delete" duration-ms="42590" started-at="2022-07-07T18:45:00Z" finished-at="2022-07-07T18:45:43Z">
          <reporter-output>
          </reporter-output>
        </test-method> <!-- delete -->
      </class> <!-- stocks_delete.StocksDelete -->
    </test> <!-- Default test -->
  </suite> <!-- Default suite -->
</testng-results>
